error: unexpected argument '0xbc614e' found

Usage: scarb-prove [OPTIONS]

For more information, try '--help'.
Command exited with non-zero status 2
	Command being timed: "scarb prove --executable-name password_commitment --arguments 0x2a 0xbc614e 0x1af7b0bcdda29b1ec8c9a5bf5d67d88b84d618b9ad9aa54cb6917cdc45370c1"
	User time (seconds): 0.02
	System time (seconds): 0.06
	Percent of CPU this job got: 100%
	Elapsed (wall clock) time (h:mm:ss or m:ss): 0:00.08
	Average shared text size (kbytes): 0
	Average unshared data size (kbytes): 0
	Average stack size (kbytes): 0
	Average total size (kbytes): 0
	Maximum resident set size (kbytes): 15376
	Average resident set size (kbytes): 0
	Major (requiring I/O) page faults: 1
	Minor (reclaiming a frame) page faults: 1724
	Voluntary context switches: 38
	Involuntary context switches: 4
	Swaps: 0
	File system inputs: 456
	File system outputs: 0
	Socket messages sent: 0
	Socket messages received: 0
	Signals delivered: 0
	Page size (bytes): 4096
	Exit status: 2
